CRITICAL - 2024-12-27 05:23:16 --> Undefined variable $usuarios
in APPPATH\Views\tasks\index.php on line 110.
 1 APPPATH\Views\tasks\index.php(110): CodeIgniter\Debug\Exceptions->errorHandler(2, 'Undefined variable $usuarios', 'C:\\xampp\\htdocs\\autotraffic\\app\\Views\\tasks\\index.php', 110)
 2 SYSTEMPATH\View\View.php(228): include('C:\\xampp\\htdocs\\autotraffic\\app\\Views\\tasks\\index.php')
 3 SYSTEMPATH\View\View.php(231): CodeIgniter\View\View->CodeIgniter\View\{closure}()
 4 SYSTEMPATH\Common.php(1190): CodeIgniter\View\View->render('tasks/index', [], true)
 5 APPPATH\Controllers\Home.php(10): view('tasks/index')
 6 SYSTEMPATH\CodeIgniter.php(942): App\Controllers\Home->index()
 7 SYSTEMPATH\CodeIgniter.php(502): CodeIgniter\CodeIgniter->runController(Object(App\Controllers\Home))
 8 SYSTEMPATH\CodeIgniter.php(361): CodeIgniter\CodeIgniter->handleRequest(null, Object(Config\Cache), false)
 9 FCPATH\index.php(79): CodeIgniter\CodeIgniter->run()
CRITICAL - 2024-12-27 07:08:47 --> Undefined variable $task
in APPPATH\Controllers\Home.php on line 27.
 1 APPPATH\Controllers\Home.php(27): CodeIgniter\Debug\Exceptions->errorHandler(2, 'Undefined variable $task', 'C:\\xampp\\htdocs\\autotraffic\\app\\Controllers\\Home.php', 27)
 2 SYSTEMPATH\CodeIgniter.php(942): App\Controllers\Home->deleteTask()
 3 SYSTEMPATH\CodeIgniter.php(502): CodeIgniter\CodeIgniter->runController(Object(App\Controllers\Home))
 4 SYSTEMPATH\CodeIgniter.php(361): CodeIgniter\CodeIgniter->handleRequest(null, Object(Config\Cache), false)
 5 FCPATH\index.php(79): CodeIgniter\CodeIgniter->run()
CRITICAL - 2024-12-27 07:10:08 --> Too few arguments to function App\Models\tasksModel::deleteTask(), 0 passed in C:\xampp\htdocs\autotraffic\app\Controllers\Home.php on line 27 and exactly 1 expected
in APPPATH\Models\tasksModel.php on line 16.
 1 APPPATH\Controllers\Home.php(27): App\Models\tasksModel->deleteTask()
 2 SYSTEMPATH\CodeIgniter.php(942): App\Controllers\Home->deleteTask()
 3 SYSTEMPATH\CodeIgniter.php(502): CodeIgniter\CodeIgniter->runController(Object(App\Controllers\Home))
 4 SYSTEMPATH\CodeIgniter.php(361): CodeIgniter\CodeIgniter->handleRequest(null, Object(Config\Cache), false)
 5 FCPATH\index.php(79): CodeIgniter\CodeIgniter->run()
CRITICAL - 2024-12-27 09:16:32 --> Deletes are not allowed unless they contain a "where" or "like" clause.
in SYSTEMPATH\Database\BaseBuilder.php on line 2766.
 1 SYSTEMPATH\Model.php(445): CodeIgniter\Database\BaseBuilder->delete()
 2 SYSTEMPATH\BaseModel.php(1080): CodeIgniter\Model->doDelete(null, false)
 3 APPPATH\Controllers\Home.php(29): CodeIgniter\BaseModel->delete(null)
 4 SYSTEMPATH\CodeIgniter.php(942): App\Controllers\Home->deleteTask()
 5 SYSTEMPATH\CodeIgniter.php(502): CodeIgniter\CodeIgniter->runController(Object(App\Controllers\Home))
 6 SYSTEMPATH\CodeIgniter.php(361): CodeIgniter\CodeIgniter->handleRequest(null, Object(Config\Cache), false)
 7 FCPATH\index.php(79): CodeIgniter\CodeIgniter->run()
ERROR - 2024-12-27 10:24:09 --> mysqli_sql_exception: Unknown column 'desc' in 'field list' in C:\xampp\htdocs\autotraffic\system\Database\MySQLi\Connection.php:306
Stack trace:
#0 C:\xampp\htdocs\autotraffic\system\Database\MySQLi\Connection.php(306): mysqli->query('INSERT INTO `ta...', 0)
#1 C:\xampp\htdocs\autotraffic\system\Database\BaseConnection.php(693): CodeIgniter\Database\MySQLi\Connection->execute('INSERT INTO `ta...')
#2 C:\xampp\htdocs\autotraffic\system\Database\BaseConnection.php(607): CodeIgniter\Database\BaseConnection->simpleQuery('INSERT INTO `ta...')
#3 C:\xampp\htdocs\autotraffic\system\Database\BaseBuilder.php(2308): CodeIgniter\Database\BaseConnection->query('INSERT INTO `ta...', Array, false)
#4 C:\xampp\htdocs\autotraffic\app\Models\tasksModel.php(16): CodeIgniter\Database\BaseBuilder->insert(Array)
#5 C:\xampp\htdocs\autotraffic\app\Controllers\Home.php(29): App\Models\tasksModel->addTask(Array)
#6 C:\xampp\htdocs\autotraffic\system\CodeIgniter.php(942): App\Controllers\Home->addTask()
#7 C:\xampp\htdocs\autotraffic\system\CodeIgniter.php(502): CodeIgniter\CodeIgniter->runController(Object(App\Controllers\Home))
#8 C:\xampp\htdocs\autotraffic\system\CodeIgniter.php(361): CodeIgniter\CodeIgniter->handleRequest(NULL, Object(Config\Cache), false)
#9 C:\xampp\htdocs\autotraffic\index.php(79): CodeIgniter\CodeIgniter->run()
#10 {main}
CRITICAL - 2024-12-27 10:24:09 --> Unknown column 'desc' in 'field list'
in SYSTEMPATH\Database\BaseConnection.php on line 647.
 1 SYSTEMPATH\Database\BaseBuilder.php(2308): CodeIgniter\Database\BaseConnection->query('INSERT INTO `tasks` (`title`, `desc`) VALUES (:title:, :desc:)', [...], false)
 2 APPPATH\Models\tasksModel.php(16): CodeIgniter\Database\BaseBuilder->insert([...])
 3 APPPATH\Controllers\Home.php(29): App\Models\tasksModel->addTask([...])
 4 SYSTEMPATH\CodeIgniter.php(942): App\Controllers\Home->addTask()
 5 SYSTEMPATH\CodeIgniter.php(502): CodeIgniter\CodeIgniter->runController(Object(App\Controllers\Home))
 6 SYSTEMPATH\CodeIgniter.php(361): CodeIgniter\CodeIgniter->handleRequest(null, Object(Config\Cache), false)
 7 FCPATH\index.php(79): CodeIgniter\CodeIgniter->run()
ERROR - 2024-12-27 10:24:20 --> mysqli_sql_exception: Unknown column 'desc' in 'field list' in C:\xampp\htdocs\autotraffic\system\Database\MySQLi\Connection.php:306
Stack trace:
#0 C:\xampp\htdocs\autotraffic\system\Database\MySQLi\Connection.php(306): mysqli->query('INSERT INTO `ta...', 0)
#1 C:\xampp\htdocs\autotraffic\system\Database\BaseConnection.php(693): CodeIgniter\Database\MySQLi\Connection->execute('INSERT INTO `ta...')
#2 C:\xampp\htdocs\autotraffic\system\Database\BaseConnection.php(607): CodeIgniter\Database\BaseConnection->simpleQuery('INSERT INTO `ta...')
#3 C:\xampp\htdocs\autotraffic\system\Database\BaseBuilder.php(2308): CodeIgniter\Database\BaseConnection->query('INSERT INTO `ta...', Array, false)
#4 C:\xampp\htdocs\autotraffic\app\Models\tasksModel.php(16): CodeIgniter\Database\BaseBuilder->insert(Array)
#5 C:\xampp\htdocs\autotraffic\app\Controllers\Home.php(29): App\Models\tasksModel->addTask(Array)
#6 C:\xampp\htdocs\autotraffic\system\CodeIgniter.php(942): App\Controllers\Home->addTask()
#7 C:\xampp\htdocs\autotraffic\system\CodeIgniter.php(502): CodeIgniter\CodeIgniter->runController(Object(App\Controllers\Home))
#8 C:\xampp\htdocs\autotraffic\system\CodeIgniter.php(361): CodeIgniter\CodeIgniter->handleRequest(NULL, Object(Config\Cache), false)
#9 C:\xampp\htdocs\autotraffic\index.php(79): CodeIgniter\CodeIgniter->run()
#10 {main}
CRITICAL - 2024-12-27 10:24:20 --> Unknown column 'desc' in 'field list'
in SYSTEMPATH\Database\BaseConnection.php on line 647.
 1 SYSTEMPATH\Database\BaseBuilder.php(2308): CodeIgniter\Database\BaseConnection->query('INSERT INTO `tasks` (`title`, `desc`) VALUES (:title:, :desc:)', [...], false)
 2 APPPATH\Models\tasksModel.php(16): CodeIgniter\Database\BaseBuilder->insert([...])
 3 APPPATH\Controllers\Home.php(29): App\Models\tasksModel->addTask([...])
 4 SYSTEMPATH\CodeIgniter.php(942): App\Controllers\Home->addTask()
 5 SYSTEMPATH\CodeIgniter.php(502): CodeIgniter\CodeIgniter->runController(Object(App\Controllers\Home))
 6 SYSTEMPATH\CodeIgniter.php(361): CodeIgniter\CodeIgniter->handleRequest(null, Object(Config\Cache), false)
 7 FCPATH\index.php(79): CodeIgniter\CodeIgniter->run()
